<?xml version="1.0" encoding="UTF-8"?>
<!-- Generated by org.testng.reporters.JUnitReportReporter -->
<testsuite hostname="LAPTOP-KG2B18F7" failures="0" tests="1" name="com.dvops.maven.eclipse.NewTest" time="0.698" errors="0" timestamp="2025-06-13T16:51:54 SGT" skipped="0">
  <testcase classname="com.dvops.maven.eclipse.NewTest" name="checkWebpageTitle" time="0.698"/>
</testsuite> <!-- com.dvops.maven.eclipse.NewTest -->
