<?xml version="1.0" encoding="UTF-8"?>
<!-- Generated by org.testng.reporters.JUnitReportReporter -->
<testsuite hostname="LAPTOP-KG2B18F7" failures="0" tests="1" name="com.dvops.maven.eclipse.SoftwareTest" time="0.968" errors="0" timestamp="2025-06-13T17:23:30 SGT" skipped="0">
  <testcase classname="com.dvops.maven.eclipse.SoftwareTest" name="checkWebpageTitle" time="0.968"/>
</testsuite> <!-- com.dvops.maven.eclipse.SoftwareTest -->
